# JRE version: OpenJDK Runtime Environment (8.0_345-b01) (build 1.8.0_345-b01)
# Java VM: OpenJDK 64-Bit Server VM (25.345-b01 mixed mode windows-amd64 compressed oops)
Heap:
 PSYoungGen      total 640512K, used 454468K [0x00000000d5e00000, 0x0000000100000000, 0x0000000100000000)
  eden space 605184K, 69% used [0x00000000d5e00000,0x00000000ef751ea8,0x00000000fad00000)
  from space 35328K, 99% used [0x00000000fdd80000,0x00000000fffff220,0x0000000100000000)
  to   space 42496K, 0% used [0x00000000fad00000,0x00000000fad00000,0x00000000fd680000)
 ParOldGen       total 179712K, used 96313K [0x0000000081a00000, 0x000000008c980000, 0x00000000d5e00000)
  object space 179712K, 53% used [0x0000000081a00000,0x000000008780e7e0,0x000000008c980000)
 Metaspace       used 46172K, capacity 46777K, committed 47232K, reserved 1089536K
  class space    used 6001K, capacity 6215K, committed 6272K, reserved 1048576K
GC Heap History (10 events):
Event: 21.316 GC heap before
{Heap before GC invocations=12 (full 1):
 PSYoungGen      total 386048K, used 385790K [0x00000000d5e00000, 0x00000000f2780000, 0x0000000100000000)
  eden space 366080K, 100% used [0x00000000d5e00000,0x00000000ec380000,0x00000000ec380000)
  from space 19968K, 98% used [0x00000000f1400000,0x00000000f273f878,0x00000000f2780000)
  to   space 34816K, 0% used [0x00000000ee380000,0x00000000ee380000,0x00000000f0580000)
 ParOldGen       total 95232K, used 39429K [0x0000000081a00000, 0x0000000087700000, 0x00000000d5e00000)
  object space 95232K, 41% used [0x0000000081a00000,0x00000000840817d8,0x0000000087700000)
 Metaspace       used 28979K, capacity 29400K, committed 29824K, reserved 1075200K
  class space    used 3769K, capacity 3906K, committed 3968K, reserved 1048576K
Event: 21.394 GC heap after
Heap after GC invocations=12 (full 1):
 PSYoungGen      total 433664K, used 21411K [0x00000000d5e00000, 0x00000000f9c80000, 0x0000000100000000)
  eden space 398848K, 0% used [0x00000000d5e00000,0x00000000d5e00000,0x00000000ee380000)
  from space 34816K, 61% used [0x00000000ee380000,0x00000000ef868f90,0x00000000f0580000)
  to   space 34816K, 0% used [0x00000000f7a80000,0x00000000f7a80000,0x00000000f9c80000)
 ParOldGen       total 95232K, used 56988K [0x0000000081a00000, 0x0000000087700000, 0x00000000d5e00000)
  object space 95232K, 59% used [0x0000000081a00000,0x00000000851a7008,0x0000000087700000)
 Metaspace       used 28979K, capacity 29400K, committed 29824K, reserved 1075200K
  class space    used 3769K, capacity 3906K, committed 3968K, reserved 1048576K
}
Event: 25.452 GC heap before
{Heap before GC invocations=13 (full 1):
 PSYoungGen      total 433664K, used 420259K [0x00000000d5e00000, 0x00000000f9c80000, 0x0000000100000000)
  eden space 398848K, 100% used [0x00000000d5e00000,0x00000000ee380000,0x00000000ee380000)
  from space 34816K, 61% used [0x00000000ee380000,0x00000000ef868f90,0x00000000f0580000)
  to   space 34816K, 0% used [0x00000000f7a80000,0x00000000f7a80000,0x00000000f9c80000)
 ParOldGen       total 95232K, used 56988K [0x0000000081a00000, 0x0000000087700000, 0x00000000d5e00000)
  object space 95232K, 59% used [0x0000000081a00000,0x00000000851a7008,0x0000000087700000)
 Metaspace       used 33167K, capacity 33628K, committed 34176K, reserved 1079296K
  class space    used 4502K, capacity 4630K, committed 4736K, reserved 1048576K
Event: 25.526 GC heap after
Heap after GC invocations=13 (full 1):
 PSYoungGen      total 553984K, used 21212K [0x00000000d5e00000, 0x00000000fc380000, 0x0000000100000000)
  eden space 519168K, 0% used [0x00000000d5e00000,0x00000000d5e00000,0x00000000f5900000)
  from space 34816K, 60% used [0x00000000f7a80000,0x00000000f8f371b0,0x00000000f9c80000)
  to   space 34304K, 0% used [0x00000000f5900000,0x00000000f5900000,0x00000000f7a80000)
 ParOldGen       total 95232K, used 74581K [0x0000000081a00000, 0x0000000087700000, 0x00000000d5e00000)
  object space 95232K, 78% used [0x0000000081a00000,0x00000000862d5748,0x0000000087700000)
 Metaspace       used 33167K, capacity 33628K, committed 34176K, reserved 1079296K
  class space    used 4502K, capacity 4630K, committed 4736K, reserved 1048576K
}
Event: 26.320 GC heap before
{Heap before GC invocations=14 (full 1):
 PSYoungGen      total 553984K, used 88474K [0x00000000d5e00000, 0x00000000fc380000, 0x0000000100000000)
  eden space 519168K, 12% used [0x00000000d5e00000,0x00000000d9faf7f0,0x00000000f5900000)
  from space 34816K, 60% used [0x00000000f7a80000,0x00000000f8f371b0,0x00000000f9c80000)
  to   space 34304K, 0% used [0x00000000f5900000,0x00000000f5900000,0x00000000f7a80000)
 ParOldGen       total 95232K, used 74581K [0x0000000081a00000, 0x0000000087700000, 0x00000000d5e00000)
  object space 95232K, 78% used [0x0000000081a00000,0x00000000862d5748,0x0000000087700000)
 Metaspace       used 34842K, capacity 35248K, committed 35496K, reserved 1079296K
  class space    used 4683K, capacity 4832K, committed 4864K, reserved 1048576K
Event: 26.374 GC heap after
Heap after GC invocations=14 (full 1):
 PSYoungGen      total 553472K, used 1838K [0x00000000d5e00000, 0x0000000100000000, 0x0000000100000000)
  eden space 519168K, 0% used [0x00000000d5e00000,0x00000000d5e00000,0x00000000f5900000)
  from space 34304K, 5% used [0x00000000f5900000,0x00000000f5acb8d8,0x00000000f7a80000)
  to   space 35328K, 0% used [0x00000000fdd80000,0x00000000fdd80000,0x0000000100000000)
 ParOldGen       total 95232K, used 91915K [0x0000000081a00000, 0x0000000087700000, 0x00000000d5e00000)
  object space 95232K, 96% used [0x0000000081a00000,0x00000000873c2f60,0x0000000087700000)
 Metaspace       used 34842K, capacity 35248K, committed 35496K, reserved 1079296K
  class space    used 4683K, capacity 4832K, committed 4864K, reserved 1048576K
}
Event: 26.374 GC heap before
{Heap before GC invocations=15 (full 2):
 PSYoungGen      total 553472K, used 1838K [0x00000000d5e00000, 0x0000000100000000, 0x0000000100000000)
  eden space 519168K, 0% used [0x00000000d5e00000,0x00000000d5e00000,0x00000000f5900000)
  from space 34304K, 5% used [0x00000000f5900000,0x00000000f5acb8d8,0x00000000f7a80000)
  to   space 35328K, 0% used [0x00000000fdd80000,0x00000000fdd80000,0x0000000100000000)
 ParOldGen       total 95232K, used 91915K [0x0000000081a00000, 0x0000000087700000, 0x00000000d5e00000)
  object space 95232K, 96% used [0x0000000081a00000,0x00000000873c2f60,0x0000000087700000)
 Metaspace       used 34842K, capacity 35248K, committed 35496K, reserved 1079296K
  class space    used 4683K, capacity 4832K, committed 4864K, reserved 1048576K
Event: 27.124 GC heap after
Heap after GC invocations=15 (full 2):
 PSYoungGen      total 553472K, used 0K [0x00000000d5e00000, 0x0000000100000000, 0x0000000100000000)
  eden space 519168K, 0% used [0x00000000d5e00000,0x00000000d5e00000,0x00000000f5900000)
  from space 34304K, 0% used [0x00000000f5900000,0x00000000f5900000,0x00000000f7a80000)
  to   space 35328K, 0% used [0x00000000fdd80000,0x00000000fdd80000,0x0000000100000000)
 ParOldGen       total 179712K, used 90901K [0x0000000081a00000, 0x000000008c980000, 0x00000000d5e00000)
  object space 179712K, 50% used [0x0000000081a00000,0x00000000872c57c8,0x000000008c980000)
 Metaspace       used 34842K, capacity 35248K, committed 35496K, reserved 1079296K
  class space    used 4683K, capacity 4832K, committed 4864K, reserved 1048576K
}
Event: 35.584 GC heap before
{Heap before GC invocations=16 (full 2):
 PSYoungGen      total 553472K, used 519168K [0x00000000d5e00000, 0x0000000100000000, 0x0000000100000000)
  eden space 519168K, 100% used [0x00000000d5e00000,0x00000000f5900000,0x00000000f5900000)
  from space 34304K, 0% used [0x00000000f5900000,0x00000000f5900000,0x00000000f7a80000)
  to   space 35328K, 0% used [0x00000000fdd80000,0x00000000fdd80000,0x0000000100000000)
 ParOldGen       total 179712K, used 90901K [0x0000000081a00000, 0x000000008c980000, 0x00000000d5e00000)
  object space 179712K, 50% used [0x0000000081a00000,0x00000000872c57c8,0x000000008c980000)
 Metaspace       used 40101K, capacity 40641K, committed 41088K, reserved 1085440K
  class space    used 5281K, capacity 5467K, committed 5504K, reserved 1048576K
Event: 35.631 GC heap after
Heap after GC invocations=16 (full 2):
 PSYoungGen      total 640512K, used 35324K [0x00000000d5e00000, 0x0000000100000000, 0x0000000100000000)
  eden space 605184K, 0% used [0x00000000d5e00000,0x00000000d5e00000,0x00000000fad00000)
  from space 35328K, 99% used [0x00000000fdd80000,0x00000000fffff220,0x0000000100000000)
  to   space 42496K, 0% used [0x00000000fad00000,0x00000000fad00000,0x00000000fd680000)
 ParOldGen       total 179712K, used 96313K [0x0000000081a00000, 0x000000008c980000, 0x00000000d5e00000)
  object space 179712K, 53% used [0x0000000081a00000,0x000000008780e7e0,0x000000008c980000)
 Metaspace       used 40101K, capacity 40641K, committed 41088K, reserved 1085440K
  class space    used 5281K, capacity 5467K, committed 5504K, reserved 1048576K
}

